<?xml version="1.0" encoding="UTF-8"?>
<coverage generated="1726498745982" clover="3.2.0">
  <project timestamp="1726498745982" name="All files">
    <metrics statements="59" coveredstatements="52" conditionals="17" coveredconditionals="16" methods="7" coveredmethods="6" elements="83" coveredelements="74" complexity="0" loc="59" ncloc="59" packages="1" files="1" classes="1"/>
    <file name="cell.ts" path="C:\Users\venta\Documents\Estudios\Bootcamp-main\01-Septiembre-Diciembre\Diseño_sostenible\KATAS\TestingPlantilla\src\core\cell.ts">
      <metrics statements="59" coveredstatements="52" conditionals="17" coveredconditionals="16" methods="7" coveredmethods="6"/>
      <line num="1" count="1" type="cond" truecount="1" falsecount="0"/>
      <line num="2" count="1" type="stmt"/>
      <line num="3" count="1" type="stmt"/>
      <line num="4" count="1" type="stmt"/>
      <line num="5" count="1" type="stmt"/>
      <line num="6" count="1" type="stmt"/>
      <line num="7" count="1" type="stmt"/>
      <line num="8" count="1" type="stmt"/>
      <line num="9" count="1" type="cond" truecount="1" falsecount="0"/>
      <line num="10" count="16" type="cond" truecount="0" falsecount="1"/>
      <line num="11" count="0" type="stmt"/>
      <line num="12" count="0" type="stmt"/>
      <line num="13" count="16" type="stmt"/>
      <line num="14" count="1" type="stmt"/>
      <line num="15" count="1" type="cond" truecount="1" falsecount="0"/>
      <line num="16" count="10" type="cond" truecount="1" falsecount="0"/>
      <line num="17" count="2" type="stmt"/>
      <line num="18" count="2" type="stmt"/>
      <line num="19" count="8" type="cond" truecount="1" falsecount="0"/>
      <line num="20" count="8" type="stmt"/>
      <line num="21" count="8" type="stmt"/>
      <line num="22" count="8" type="stmt"/>
      <line num="23" count="1" type="stmt"/>
      <line num="24" count="0" type="stmt"/>
      <line num="25" count="0" type="stmt"/>
      <line num="26" count="0" type="stmt"/>
      <line num="27" count="0" type="stmt"/>
      <line num="28" count="0" type="stmt"/>
      <line num="29" count="1" type="stmt"/>
      <line num="30" count="1" type="cond" truecount="1" falsecount="0"/>
      <line num="31" count="8" type="stmt"/>
      <line num="32" count="8" type="cond" truecount="1" falsecount="0"/>
      <line num="33" count="8" type="cond" truecount="1" falsecount="0"/>
      <line num="34" count="8" type="stmt"/>
      <line num="35" count="8" type="stmt"/>
      <line num="36" count="8" type="stmt"/>
      <line num="37" count="1" type="stmt"/>
      <line num="38" count="1" type="cond" truecount="1" falsecount="0"/>
      <line num="39" count="8" type="stmt"/>
      <line num="40" count="8" type="stmt"/>
      <line num="41" count="1" type="stmt"/>
      <line num="42" count="1" type="cond" truecount="1" falsecount="0"/>
      <line num="43" count="4" type="cond" truecount="1" falsecount="0"/>
      <line num="44" count="4" type="stmt"/>
      <line num="45" count="4" type="cond" truecount="1" falsecount="0"/>
      <line num="46" count="4" type="cond" truecount="1" falsecount="0"/>
      <line num="47" count="4" type="stmt"/>
      <line num="48" count="4" type="stmt"/>
      <line num="49" count="1" type="stmt"/>
      <line num="50" count="1" type="cond" truecount="1" falsecount="0"/>
      <line num="51" count="4" type="stmt"/>
      <line num="52" count="4" type="stmt"/>
      <line num="53" count="4" type="stmt"/>
      <line num="54" count="4" type="cond" truecount="1" falsecount="0"/>
      <line num="55" count="4" type="cond" truecount="1" falsecount="0"/>
      <line num="56" count="4" type="stmt"/>
      <line num="57" count="4" type="stmt"/>
      <line num="58" count="1" type="stmt"/>
      <line num="59" count="1" type="stmt"/>
    </file>
  </project>
</coverage>
