{"C:\\Users\\venta\\Documents\\Estudios\\Bootcamp-main\\01-Septiembre-Diciembre\\Diseño_sostenible\\KATAS\\TestingPlantilla\\src\\core\\cell.ts": {"path":"C:\\Users\\venta\\Documents\\Estudios\\Bootcamp-main\\01-Septiembre-Diciembre\\Diseño_sostenible\\KATAS\\TestingPlantilla\\src\\core\\cell.ts","all":false,"statementMap":{"0":{"start":{"line":1,"column":0},"end":{"line":1,"column":23}},"1":{"start":{"line":2,"column":0},"end":{"line":2,"column":12}},"2":{"start":{"line":3,"column":0},"end":{"line":3,"column":12}},"3":{"start":{"line":4,"column":0},"end":{"line":4,"column":1}},"4":{"start":{"line":5,"column":0},"end":{"line":5,"column":0}},"5":{"start":{"line":6,"column":0},"end":{"line":6,"column":19}},"6":{"start":{"line":7,"column":0},"end":{"line":7,"column":0}},"7":{"start":{"line":8,"column":0},"end":{"line":8,"column":4}},"8":{"start":{"line":9,"column":0},"end":{"line":9,"column":60}},"9":{"start":{"line":10,"column":0},"end":{"line":10,"column":27}},"10":{"start":{"line":11,"column":0},"end":{"line":11,"column":45}},"11":{"start":{"line":12,"column":0},"end":{"line":12,"column":9}},"12":{"start":{"line":13,"column":0},"end":{"line":13,"column":5}},"13":{"start":{"line":14,"column":0},"end":{"line":14,"column":0}},"14":{"start":{"line":15,"column":0},"end":{"line":15,"column":38}},"15":{"start":{"line":16,"column":0},"end":{"line":16,"column":27}},"16":{"start":{"line":17,"column":0},"end":{"line":17,"column":45}},"17":{"start":{"line":18,"column":0},"end":{"line":18,"column":9}},"18":{"start":{"line":19,"column":0},"end":{"line":19,"column":0}},"19":{"start":{"line":20,"column":0},"end":{"line":20,"column":31}},"20":{"start":{"line":21,"column":0},"end":{"line":21,"column":0}},"21":{"start":{"line":22,"column":0},"end":{"line":22,"column":5}},"22":{"start":{"line":23,"column":0},"end":{"line":23,"column":57}},"23":{"start":{"line":24,"column":0},"end":{"line":24,"column":47}},"24":{"start":{"line":25,"column":0},"end":{"line":25,"column":53}},"25":{"start":{"line":26,"column":0},"end":{"line":26,"column":52}},"26":{"start":{"line":27,"column":0},"end":{"line":27,"column":0}},"27":{"start":{"line":28,"column":0},"end":{"line":28,"column":5}},"28":{"start":{"line":29,"column":0},"end":{"line":29,"column":0}},"29":{"start":{"line":30,"column":0},"end":{"line":30,"column":52}},"30":{"start":{"line":31,"column":0},"end":{"line":31,"column":59}},"31":{"start":{"line":32,"column":0},"end":{"line":32,"column":53}},"32":{"start":{"line":33,"column":0},"end":{"line":33,"column":52}},"33":{"start":{"line":34,"column":0},"end":{"line":34,"column":0}},"34":{"start":{"line":35,"column":0},"end":{"line":35,"column":35}},"35":{"start":{"line":36,"column":0},"end":{"line":36,"column":5}},"36":{"start":{"line":37,"column":0},"end":{"line":37,"column":0}},"37":{"start":{"line":38,"column":0},"end":{"line":38,"column":14}},"38":{"start":{"line":39,"column":0},"end":{"line":39,"column":47}},"39":{"start":{"line":40,"column":0},"end":{"line":40,"column":5}},"40":{"start":{"line":41,"column":0},"end":{"line":41,"column":0}},"41":{"start":{"line":42,"column":0},"end":{"line":42,"column":58}},"42":{"start":{"line":43,"column":0},"end":{"line":43,"column":79}},"43":{"start":{"line":44,"column":0},"end":{"line":44,"column":37}},"44":{"start":{"line":45,"column":0},"end":{"line":45,"column":30}},"45":{"start":{"line":46,"column":0},"end":{"line":46,"column":29}},"46":{"start":{"line":47,"column":0},"end":{"line":47,"column":0}},"47":{"start":{"line":48,"column":0},"end":{"line":48,"column":5}},"48":{"start":{"line":49,"column":0},"end":{"line":49,"column":0}},"49":{"start":{"line":50,"column":0},"end":{"line":50,"column":57}},"50":{"start":{"line":51,"column":0},"end":{"line":51,"column":57}},"51":{"start":{"line":52,"column":0},"end":{"line":52,"column":7}},"52":{"start":{"line":53,"column":0},"end":{"line":53,"column":34}},"53":{"start":{"line":54,"column":0},"end":{"line":54,"column":25}},"54":{"start":{"line":55,"column":0},"end":{"line":55,"column":25}},"55":{"start":{"line":56,"column":0},"end":{"line":56,"column":0}},"56":{"start":{"line":57,"column":0},"end":{"line":57,"column":5}},"57":{"start":{"line":58,"column":0},"end":{"line":58,"column":0}},"58":{"start":{"line":59,"column":0},"end":{"line":59,"column":1}}},"s":{"0":1,"1":1,"2":1,"3":1,"4":1,"5":1,"6":1,"7":1,"8":1,"9":16,"10":0,"11":0,"12":16,"13":1,"14":1,"15":10,"16":2,"17":2,"18":8,"19":8,"20":8,"21":8,"22":1,"23":0,"24":0,"25":0,"26":0,"27":0,"28":1,"29":1,"30":8,"31":8,"32":8,"33":8,"34":8,"35":8,"36":1,"37":1,"38":8,"39":8,"40":1,"41":1,"42":4,"43":4,"44":4,"45":4,"46":4,"47":4,"48":1,"49":1,"50":4,"51":4,"52":4,"53":4,"54":4,"55":4,"56":4,"57":1,"58":1},"branchMap":{"0":{"type":"branch","line":1,"loc":{"start":{"line":1,"column":0},"end":{"line":4,"column":1}},"locations":[{"start":{"line":1,"column":0},"end":{"line":4,"column":1}}]},"1":{"type":"branch","line":9,"loc":{"start":{"line":9,"column":3},"end":{"line":13,"column":5}},"locations":[{"start":{"line":9,"column":3},"end":{"line":13,"column":5}}]},"2":{"type":"branch","line":10,"loc":{"start":{"line":10,"column":26},"end":{"line":12,"column":9}},"locations":[{"start":{"line":10,"column":26},"end":{"line":12,"column":9}}]},"3":{"type":"branch","line":15,"loc":{"start":{"line":15,"column":11},"end":{"line":22,"column":5}},"locations":[{"start":{"line":15,"column":11},"end":{"line":22,"column":5}}]},"4":{"type":"branch","line":16,"loc":{"start":{"line":16,"column":26},"end":{"line":18,"column":9}},"locations":[{"start":{"line":16,"column":26},"end":{"line":18,"column":9}}]},"5":{"type":"branch","line":19,"loc":{"start":{"line":19,"column":-2},"end":{"line":22,"column":5}},"locations":[{"start":{"line":19,"column":-2},"end":{"line":22,"column":5}}]},"6":{"type":"branch","line":30,"loc":{"start":{"line":30,"column":4},"end":{"line":36,"column":5}},"locations":[{"start":{"line":30,"column":4},"end":{"line":36,"column":5}}]},"7":{"type":"branch","line":32,"loc":{"start":{"line":32,"column":8},"end":{"line":32,"column":53}},"locations":[{"start":{"line":32,"column":8},"end":{"line":32,"column":53}}]},"8":{"type":"branch","line":33,"loc":{"start":{"line":33,"column":8},"end":{"line":33,"column":52}},"locations":[{"start":{"line":33,"column":8},"end":{"line":33,"column":52}}]},"9":{"type":"branch","line":38,"loc":{"start":{"line":38,"column":4},"end":{"line":40,"column":5}},"locations":[{"start":{"line":38,"column":4},"end":{"line":40,"column":5}}]},"10":{"type":"branch","line":42,"loc":{"start":{"line":42,"column":12},"end":{"line":48,"column":5}},"locations":[{"start":{"line":42,"column":12},"end":{"line":48,"column":5}}]},"11":{"type":"branch","line":43,"loc":{"start":{"line":43,"column":52},"end":{"line":43,"column":79}},"locations":[{"start":{"line":43,"column":52},"end":{"line":43,"column":79}}]},"12":{"type":"branch","line":45,"loc":{"start":{"line":45,"column":12},"end":{"line":45,"column":30}},"locations":[{"start":{"line":45,"column":12},"end":{"line":45,"column":30}}]},"13":{"type":"branch","line":46,"loc":{"start":{"line":46,"column":12},"end":{"line":46,"column":29}},"locations":[{"start":{"line":46,"column":12},"end":{"line":46,"column":29}}]},"14":{"type":"branch","line":50,"loc":{"start":{"line":50,"column":12},"end":{"line":57,"column":5}},"locations":[{"start":{"line":50,"column":12},"end":{"line":57,"column":5}}]},"15":{"type":"branch","line":54,"loc":{"start":{"line":54,"column":7},"end":{"line":54,"column":25}},"locations":[{"start":{"line":54,"column":7},"end":{"line":54,"column":25}}]},"16":{"type":"branch","line":55,"loc":{"start":{"line":55,"column":8},"end":{"line":55,"column":25}},"locations":[{"start":{"line":55,"column":8},"end":{"line":55,"column":25}}]}},"b":{"0":[1],"1":[16],"2":[0],"3":[10],"4":[2],"5":[8],"6":[8],"7":[4],"8":[4],"9":[8],"10":[4],"11":[3],"12":[2],"13":[2],"14":[4],"15":[1],"16":[3]},"fnMap":{"0":{"name":"Cell","decl":{"start":{"line":9,"column":3},"end":{"line":13,"column":5}},"loc":{"start":{"line":9,"column":3},"end":{"line":13,"column":5}},"line":9},"1":{"name":"create","decl":{"start":{"line":15,"column":11},"end":{"line":22,"column":5}},"loc":{"start":{"line":15,"column":11},"end":{"line":22,"column":5}},"line":15},"2":{"name":"regenerate","decl":{"start":{"line":23,"column":5},"end":{"line":28,"column":5}},"loc":{"start":{"line":23,"column":5},"end":{"line":28,"column":5}},"line":23},"3":{"name":"regenerateNew","decl":{"start":{"line":30,"column":4},"end":{"line":36,"column":5}},"loc":{"start":{"line":30,"column":4},"end":{"line":36,"column":5}},"line":30},"4":{"name":"isAlive","decl":{"start":{"line":38,"column":4},"end":{"line":40,"column":5}},"loc":{"start":{"line":38,"column":4},"end":{"line":40,"column":5}},"line":38},"5":{"name":"statusForAliveCell","decl":{"start":{"line":42,"column":12},"end":{"line":48,"column":5}},"loc":{"start":{"line":42,"column":12},"end":{"line":48,"column":5}},"line":42},"6":{"name":"statusForDeadCell","decl":{"start":{"line":50,"column":12},"end":{"line":57,"column":5}},"loc":{"start":{"line":50,"column":12},"end":{"line":57,"column":5}},"line":50}},"f":{"0":16,"1":10,"2":0,"3":8,"4":8,"5":4,"6":4}}
}
