TN:
SF:src\core\cell.ts
FN:9,Cell
FN:15,create
FN:23,regenerate
FN:30,regenerateNew
FN:38,isAlive
FN:42,statusForAliveCell
FN:50,statusForDeadCell
FNF:7
FNH:6
FNDA:16,Cell
FNDA:10,create
FNDA:0,regenerate
FNDA:8,regenerateNew
FNDA:8,isAlive
FNDA:4,statusForAliveCell
FNDA:4,statusForDeadCell
DA:1,1
DA:2,1
DA:3,1
DA:4,1
DA:5,1
DA:6,1
DA:7,1
DA:8,1
DA:9,1
DA:10,16
DA:11,0
DA:12,0
DA:13,16
DA:14,1
DA:15,1
DA:16,10
DA:17,2
DA:18,2
DA:19,8
DA:20,8
DA:21,8
DA:22,8
DA:23,1
DA:24,0
DA:25,0
DA:26,0
DA:27,0
DA:28,0
DA:29,1
DA:30,1
DA:31,8
DA:32,8
DA:33,8
DA:34,8
DA:35,8
DA:36,8
DA:37,1
DA:38,1
DA:39,8
DA:40,8
DA:41,1
DA:42,1
DA:43,4
DA:44,4
DA:45,4
DA:46,4
DA:47,4
DA:48,4
DA:49,1
DA:50,1
DA:51,4
DA:52,4
DA:53,4
DA:54,4
DA:55,4
DA:56,4
DA:57,4
DA:58,1
DA:59,1
LF:59
LH:52
BRDA:1,0,0,1
BRDA:9,1,0,16
BRDA:10,2,0,0
BRDA:15,3,0,10
BRDA:16,4,0,2
BRDA:19,5,0,8
BRDA:30,6,0,8
BRDA:32,7,0,4
BRDA:33,8,0,4
BRDA:38,9,0,8
BRDA:42,10,0,4
BRDA:43,11,0,3
BRDA:45,12,0,2
BRDA:46,13,0,2
BRDA:50,14,0,4
BRDA:54,15,0,1
BRDA:55,16,0,3
BRF:17
BRH:16
end_of_record
