<?xml version="1.0" encoding="UTF-8"?>
<coverage generated="1714218700513" clover="3.2.0">
  <project timestamp="1714218700513" name="All files">
    <metrics statements="3" coveredstatements="3" conditionals="0" coveredconditionals="0" methods="0" coveredmethods="0" elements="3" coveredelements="3" complexity="0" loc="3" ncloc="3" packages="1" files="1" classes="1"/>
    <file name="envs.plugin.ts" path="C:\Users\venta\Documents\Estudios\Bootcamp-main\NODEJS_TS_HERRERA\04-NOC_Testing\src\config\plugins\envs.plugin.ts">
      <metrics statements="3" coveredstatements="3" conditionals="0" coveredconditionals="0" methods="0" coveredmethods="0"/>
      <line num="1" count="2" type="stmt"/>
      <line num="2" count="2" type="stmt"/>
      <line num="4" count="2" type="stmt"/>
    </file>
  </project>
</coverage>
