{"C:\\Users\\venta\\Documents\\Estudios\\Bootcamp-main\\NODEJS_TS_HERRERA\\04-NOC_Testing\\src\\config\\plugins\\envs.plugin.ts": {"path":"C:\\Users\\venta\\Documents\\Estudios\\Bootcamp-main\\NODEJS_TS_HERRERA\\04-NOC_Testing\\src\\config\\plugins\\envs.plugin.ts","statementMap":{"0":{"start":{"line":1,"column":0},"end":{"line":1,"column":22}},"1":{"start":{"line":2,"column":0},"end":{"line":2,"column":30}},"2":{"start":{"line":4,"column":13},"end":{"line":12,"column":null}}},"fnMap":{},"branchMap":{},"s":{"0":2,"1":2,"2":2},"f":{},"b":{}}
}
